<?xml version="1.0" encoding="UTF-8"?>
<!-- Generated by org.testng.reporters.JUnitReportReporter -->
<testsuite hostname="DESKTOP-L72UVA6" failures="0" tests="2" name="day43.BeforeAfterClassAnnotations" time="0.008" errors="0" timestamp="2025-07-13T00:38:37 IST" skipped="0">
  <testcase classname="day43.BeforeAfterClassAnnotations" name="search" time="0.007"/>
  <testcase classname="day43.BeforeAfterClassAnnotations" name="advancedSearch" time="0.001"/>
</testsuite> <!-- day43.BeforeAfterClassAnnotations -->
