<?xml version="1.0" encoding="UTF-8"?>
<!-- Generated by org.testng.reporters.JUnitReportReporter -->
<testsuite hostname="DESKTOP-L72UVA6" failures="0" tests="3" name="day42.FirstTestNGTestCase" time="0.004" errors="0" timestamp="2025-07-12T21:37:38 IST" skipped="0">
  <testcase classname="day42.FirstTestNGTestCase" name="openapp" time="0.002"/>
  <testcase classname="day42.FirstTestNGTestCase" name="login" time="0.001"/>
  <testcase classname="day42.FirstTestNGTestCase" name="logout" time="0.001"/>
</testsuite> <!-- day42.FirstTestNGTestCase -->
