<?xml version="1.0" encoding="UTF-8"?>
<!-- Generated by org.testng.reporters.JUnitReportReporter -->
<testsuite hostname="DESKTOP-L72UVA6" failures="0" tests="4" name="day42.OrangeHrmTestNGTest" time="6.842" errors="0" timestamp="2025-07-12T21:37:38 IST" skipped="0">
  <testcase classname="day42.OrangeHrmTestNGTest" name="openApp" time="3.549"/>
  <testcase classname="day42.OrangeHrmTestNGTest" name="testLogo" time="3.041"/>
  <testcase classname="day42.OrangeHrmTestNGTest" name="login" time="0.142"/>
  <testcase classname="day42.OrangeHrmTestNGTest" name="closeApp" time="0.110"/>
</testsuite> <!-- day42.OrangeHrmTestNGTest -->
