<?xml version="1.0" encoding="UTF-8"?>
<!-- Generated by org.testng.reporters.JUnitReportReporter -->
<testsuite hostname="DESKTOP-L72UVA6" failures="0" tests="2" name="day43.BeforeAfterMethodAnnotations" time="0.022" errors="0" timestamp="2025-07-13T00:28:34 IST" skipped="0">
  <testcase classname="day43.BeforeAfterMethodAnnotations" name="search" time="0.020"/>
  <testcase classname="day43.BeforeAfterMethodAnnotations" name="advancedSearch" time="0.002"/>
</testsuite> <!-- day43.BeforeAfterMethodAnnotations -->
